<?xml version='1.0'?>
<ns2:test-suite xmlns:ns2='urn:model.allure.qatools.yandex.ru' start='1613147456789' stop='1613147470216'>
    <name>Salesforce E2E</name>
    <title>Salesforce E2E</title>
    <test-cases>
        <test-case start='1613147456790' status='passed' stop='1613147460617'>
            <name>should login</name>
            <title>should login</title>
            <labels>
                <label name='language' value='javascript'/>
                <label name='framework' value='wdio'/>
                <label name='thread' value='0-0'/>
            </labels>
            <parameters>
                <parameter kind='argument' name='browser' value='chrome-88.0.4324.150'/>
            </parameters>
            <steps/>
            <attachments/>
        </test-case>
        <test-case start='1613147460618' status='passed' stop='1613147464909'>
            <name>should return an opportunity with line items</name>
            <title>should return an opportunity with line items</title>
            <labels>
                <label name='language' value='javascript'/>
                <label name='framework' value='wdio'/>
                <label name='thread' value='0-0'/>
            </labels>
            <parameters>
                <parameter kind='argument' name='browser' value='chrome-88.0.4324.150'/>
            </parameters>
            <steps/>
            <attachments/>
        </test-case>
        <test-case start='1613147464909' status='broken' stop='1613147469998'>
            <name>should not allow change quantity of service</name>
            <title>should not allow change quantity of service</title>
            <labels>
                <label name='language' value='javascript'/>
                <label name='framework' value='wdio'/>
                <label name='thread' value='0-0'/>
            </labels>
            <parameters>
                <parameter kind='argument' name='browser' value='chrome-88.0.4324.150'/>
            </parameters>
            <steps/>
            <attachments/>
            <failure>
                <message>browser.waitUntil(...).then is not a function</message>
                <stack-trace>TypeError: browser.waitUntil(...).then is not a function
                    at Context.&lt;anonymous> (C:\Source\lionstruckqa\webdriverio-test\test\specs\TC3-ManageSubscriptionProducts.js:40:7)
                    at Context.executeSync (C:\Source\lionstruckqa\webdriverio-test\node_modules\@wdio\sync\build\index.js:25:22)
                    at C:\Source\lionstruckqa\webdriverio-test\node_modules\@wdio\sync\build\index.js:46:68</stack-trace>
            </failure>
        </test-case>
        <test-case start='1613147469999' status='broken' stop='1613147470210'>
            <name>should update quantity of service accordingly</name>
            <title>should update quantity of service accordingly</title>
            <labels>
                <label name='language' value='javascript'/>
                <label name='framework' value='wdio'/>
                <label name='thread' value='0-0'/>
            </labels>
            <parameters>
                <parameter kind='argument' name='browser' value='chrome-88.0.4324.150'/>
            </parameters>
            <steps/>
            <attachments/>
            <failure>
                <message>invalid session id</message>
                <stack-trace>invalid session id
                    at Object.getErrorFromResponseBody (C:\Source\lionstruckqa\webdriverio-test\node_modules\webdriver\build\utils.js:94:12)
                    at WebDriverRequest._request (C:\Source\lionstruckqa\webdriverio-test\node_modules\webdriver\build\request.js:134:31)
                    at processTicksAndRejections (internal/process/task_queues.js:93:5)
                    at async Browser.$ (C:\Source\lionstruckqa\webdriverio-test\node_modules\webdriverio\build\commands\browser\$.js:10:17)
                    at async Browser.runCommandWithHooks (C:\Source\lionstruckqa\webdriverio-test\node_modules\@wdio\sync\build\wrapCommand.js:70:25)
                    at Browser.runCommandWithHooks (C:\Source\lionstruckqa\webdriverio-test\node_modules\@wdio\sync\build\wrapCommand.js:65:24)
                    at Browser.wrapCommandFn (C:\Source\lionstruckqa\webdriverio-test\node_modules\@wdio\sync\build\wrapCommand.js:44:44)
                    at global.$ (C:\Source\lionstruckqa\webdriverio-test\node_modules\@wdio\runner\build\index.js:114:42)
                    at Context.&lt;anonymous> (C:\Source\lionstruckqa\webdriverio-test\test\specs\TC3-ManageSubscriptionProducts.js:51:25)
                    at Context.executeSync (C:\Source\lionstruckqa\webdriverio-test\node_modules\@wdio\sync\build\index.js:25:22)
                    at C:\Source\lionstruckqa\webdriverio-test\node_modules\@wdio\sync\build\index.js:46:68</stack-trace>
            </failure>
        </test-case>
        <test-case start='1613147470210' status='broken' stop='1613147470215'>
            <name>should delete added service</name>
            <title>should delete added service</title>
            <labels>
                <label name='language' value='javascript'/>
                <label name='framework' value='wdio'/>
                <label name='thread' value='0-0'/>
            </labels>
            <parameters>
                <parameter kind='argument' name='browser' value='chrome-88.0.4324.150'/>
            </parameters>
            <steps/>
            <attachments/>
            <failure>
                <message>invalid session id</message>
                <stack-trace>invalid session id
                    at Object.getErrorFromResponseBody (C:\Source\lionstruckqa\webdriverio-test\node_modules\webdriver\build\utils.js:94:12)
                    at WebDriverRequest._request (C:\Source\lionstruckqa\webdriverio-test\node_modules\webdriver\build\request.js:134:31)
                    at processTicksAndRejections (internal/process/task_queues.js:93:5)
                    at async Browser.$ (C:\Source\lionstruckqa\webdriverio-test\node_modules\webdriverio\build\commands\browser\$.js:10:17)
                    at async Browser.runCommandWithHooks (C:\Source\lionstruckqa\webdriverio-test\node_modules\@wdio\sync\build\wrapCommand.js:70:25)
                    at Browser.runCommandWithHooks (C:\Source\lionstruckqa\webdriverio-test\node_modules\@wdio\sync\build\wrapCommand.js:65:24)
                    at Browser.wrapCommandFn (C:\Source\lionstruckqa\webdriverio-test\node_modules\@wdio\sync\build\wrapCommand.js:44:44)
                    at global.$ (C:\Source\lionstruckqa\webdriverio-test\node_modules\@wdio\runner\build\index.js:114:42)
                    at Context.&lt;anonymous> (C:\Source\lionstruckqa\webdriverio-test\test\specs\TC3-ManageSubscriptionProducts.js:85:25)
                    at Context.executeSync (C:\Source\lionstruckqa\webdriverio-test\node_modules\@wdio\sync\build\index.js:25:22)
                    at C:\Source\lionstruckqa\webdriverio-test\node_modules\@wdio\sync\build\index.js:46:68</stack-trace>
            </failure>
        </test-case>
    </test-cases>
</ns2:test-suite>