<?xml version='1.0'?>
<ns2:test-suite xmlns:ns2='urn:model.allure.qatools.yandex.ru' start='1613174347143' stop='1613174385108'>
    <name>Salesforce E2E</name>
    <title>Salesforce E2E</title>
    <test-cases>
        <test-case start='1613174347144' status='passed' stop='1613174350139'>
            <name>should login</name>
            <title>should login</title>
            <labels>
                <label name='language' value='javascript'/>
                <label name='framework' value='wdio'/>
                <label name='thread' value='0-2'/>
            </labels>
            <parameters>
                <parameter kind='argument' name='browser' value='chrome-88.0.4324.150'/>
            </parameters>
            <steps/>
            <attachments/>
        </test-case>
        <test-case start='1613174350140' status='broken' stop='1613174354525'>
            <name>should return an opportunity with line items</name>
            <title>should return an opportunity with line items</title>
            <labels>
                <label name='language' value='javascript'/>
                <label name='framework' value='wdio'/>
                <label name='thread' value='0-2'/>
            </labels>
            <parameters>
                <parameter kind='argument' name='browser' value='chrome-88.0.4324.150'/>
            </parameters>
            <steps/>
            <attachments/>
            <failure>
                <message>Cannot read property '1' of null</message>
                <stack-trace>TypeError: Cannot read property '1' of null
                    at Context.&lt;anonymous> (C:\Source\lionstruckqa\webdriverio-test\test\specs\TC3-ManageSubscriptionProducts.js:21:30)
                    at Context.executeSync (C:\Source\lionstruckqa\webdriverio-test\node_modules\@wdio\sync\build\index.js:25:22)
                    at C:\Source\lionstruckqa\webdriverio-test\node_modules\@wdio\sync\build\index.js:46:68</stack-trace>
            </failure>
        </test-case>
        <test-case start='1613174354526' status='broken' stop='1613174365002'>
            <name>should not allow change quantity of service</name>
            <title>should not allow change quantity of service</title>
            <labels>
                <label name='language' value='javascript'/>
                <label name='framework' value='wdio'/>
                <label name='thread' value='0-2'/>
            </labels>
            <parameters>
                <parameter kind='argument' name='browser' value='chrome-88.0.4324.150'/>
            </parameters>
            <steps/>
            <attachments/>
            <failure>
                <message>Can't call click on element with selector "//div[contains(text(),'Edit Products')]" because element wasn't found</message>
                <stack-trace>Error: Can't call click on element with selector "//div[contains(text(),'Edit Products')]" because element wasn't found
                    at Object.implicitWait [as default] (C:\Source\lionstruckqa\webdriverio-test\node_modules\webdriverio\build\utils\implicitWait.js:26:19)
                    at async Element.elementErrorHandlerCallbackFn (C:\Source\lionstruckqa\webdriverio-test\node_modules\webdriverio\build\middlewares.js:13:29)
                    at async Element.runCommandWithHooks (C:\Source\lionstruckqa\webdriverio-test\node_modules\@wdio\sync\build\wrapCommand.js:70:25)
                    at Element.runCommandWithHooks (C:\Source\lionstruckqa\webdriverio-test\node_modules\@wdio\sync\build\wrapCommand.js:65:24)
                    at Element.wrapCommandFn (C:\Source\lionstruckqa\webdriverio-test\node_modules\@wdio\sync\build\wrapCommand.js:44:44)
                    at Element.elementErrorHandlerCallback (C:\Source\lionstruckqa\webdriverio-test\node_modules\webdriverio\build\middlewares.js:34:12)
                    at Context.&lt;anonymous> (C:\Source\lionstruckqa\webdriverio-test\test\specs\TC3-ManageSubscriptionProducts.js:29:17)
                    at Context.executeSync (C:\Source\lionstruckqa\webdriverio-test\node_modules\@wdio\sync\build\index.js:25:22)
                    at C:\Source\lionstruckqa\webdriverio-test\node_modules\@wdio\sync\build\index.js:46:68</stack-trace>
            </failure>
        </test-case>
        <test-case start='1613174365003' status='broken' stop='1613174375073'>
            <name>should update quantity of service accordingly</name>
            <title>should update quantity of service accordingly</title>
            <labels>
                <label name='language' value='javascript'/>
                <label name='framework' value='wdio'/>
                <label name='thread' value='0-2'/>
            </labels>
            <parameters>
                <parameter kind='argument' name='browser' value='chrome-88.0.4324.150'/>
            </parameters>
            <steps/>
            <attachments/>
            <failure>
                <message>Can't call click on element with selector "//div[contains(text(),'Edit Products')]" because element wasn't found</message>
                <stack-trace>Error: Can't call click on element with selector "//div[contains(text(),'Edit Products')]" because element wasn't found
                    at Object.implicitWait [as default] (C:\Source\lionstruckqa\webdriverio-test\node_modules\webdriverio\build\utils\implicitWait.js:26:19)
                    at async Element.elementErrorHandlerCallbackFn (C:\Source\lionstruckqa\webdriverio-test\node_modules\webdriverio\build\middlewares.js:13:29)
                    at async Element.runCommandWithHooks (C:\Source\lionstruckqa\webdriverio-test\node_modules\@wdio\sync\build\wrapCommand.js:70:25)
                    at Element.runCommandWithHooks (C:\Source\lionstruckqa\webdriverio-test\node_modules\@wdio\sync\build\wrapCommand.js:65:24)
                    at Element.wrapCommandFn (C:\Source\lionstruckqa\webdriverio-test\node_modules\@wdio\sync\build\wrapCommand.js:44:44)
                    at Element.elementErrorHandlerCallback (C:\Source\lionstruckqa\webdriverio-test\node_modules\webdriverio\build\middlewares.js:34:12)
                    at Context.&lt;anonymous> (C:\Source\lionstruckqa\webdriverio-test\test\specs\TC3-ManageSubscriptionProducts.js:57:17)
                    at Context.executeSync (C:\Source\lionstruckqa\webdriverio-test\node_modules\@wdio\sync\build\index.js:25:22)
                    at C:\Source\lionstruckqa\webdriverio-test\node_modules\@wdio\sync\build\index.js:46:68</stack-trace>
            </failure>
        </test-case>
        <test-case start='1613174375073' status='broken' stop='1613174385107'>
            <name>should delete added service</name>
            <title>should delete added service</title>
            <labels>
                <label name='language' value='javascript'/>
                <label name='framework' value='wdio'/>
                <label name='thread' value='0-2'/>
            </labels>
            <parameters>
                <parameter kind='argument' name='browser' value='chrome-88.0.4324.150'/>
            </parameters>
            <steps/>
            <attachments/>
            <failure>
                <message>Can't call click on element with selector "//div[contains(text(),'Edit Products')]" because element wasn't found</message>
                <stack-trace>Error: Can't call click on element with selector "//div[contains(text(),'Edit Products')]" because element wasn't found
                    at Object.implicitWait [as default] (C:\Source\lionstruckqa\webdriverio-test\node_modules\webdriverio\build\utils\implicitWait.js:26:19)
                    at async Element.elementErrorHandlerCallbackFn (C:\Source\lionstruckqa\webdriverio-test\node_modules\webdriverio\build\middlewares.js:13:29)
                    at async Element.runCommandWithHooks (C:\Source\lionstruckqa\webdriverio-test\node_modules\@wdio\sync\build\wrapCommand.js:70:25)
                    at Element.runCommandWithHooks (C:\Source\lionstruckqa\webdriverio-test\node_modules\@wdio\sync\build\wrapCommand.js:65:24)
                    at Element.wrapCommandFn (C:\Source\lionstruckqa\webdriverio-test\node_modules\@wdio\sync\build\wrapCommand.js:44:44)
                    at Element.elementErrorHandlerCallback (C:\Source\lionstruckqa\webdriverio-test\node_modules\webdriverio\build\middlewares.js:34:12)
                    at Context.&lt;anonymous> (C:\Source\lionstruckqa\webdriverio-test\test\specs\TC3-ManageSubscriptionProducts.js:91:17)
                    at Context.executeSync (C:\Source\lionstruckqa\webdriverio-test\node_modules\@wdio\sync\build\index.js:25:22)
                    at C:\Source\lionstruckqa\webdriverio-test\node_modules\@wdio\sync\build\index.js:46:68</stack-trace>
            </failure>
        </test-case>
    </test-cases>
</ns2:test-suite>