<?xml version='1.0'?>
<ns2:test-suite xmlns:ns2='urn:model.allure.qatools.yandex.ru' start='1613172816144' stop='1613172836357'>
    <name>Salesforce E2E</name>
    <title>Salesforce E2E</title>
    <test-cases>
        <test-case start='1613172816146' status='passed' stop='1613172818259'>
            <name>should login</name>
            <title>should login</title>
            <labels>
                <label name='language' value='javascript'/>
                <label name='framework' value='wdio'/>
                <label name='thread' value='0-1'/>
            </labels>
            <parameters>
                <parameter kind='argument' name='browser' value='chrome-88.0.4324.150'/>
            </parameters>
            <steps/>
            <attachments/>
        </test-case>
        <test-case start='1613172818260' status='broken' stop='1613172825214'>
            <name>should return an opportunity</name>
            <title>should return an opportunity</title>
            <labels>
                <label name='language' value='javascript'/>
                <label name='framework' value='wdio'/>
                <label name='thread' value='0-1'/>
            </labels>
            <parameters>
                <parameter kind='argument' name='browser' value='chrome-88.0.4324.150'/>
            </parameters>
            <steps/>
            <attachments/>
            <failure>
                <message>Cannot read property '1' of null</message>
                <stack-trace>TypeError: Cannot read property '1' of null
                    at Context.&lt;anonymous> (C:\Source\lionstruckqa\webdriverio-test\test\specs\TC2-SubscriptionProductsInOpportunity.js:21:30)
                    at Context.executeSync (C:\Source\lionstruckqa\webdriverio-test\node_modules\@wdio\sync\build\index.js:25:22)
                    at C:\Source\lionstruckqa\webdriverio-test\node_modules\@wdio\sync\build\index.js:46:68</stack-trace>
            </failure>
        </test-case>
        <test-case start='1613172825215' status='broken' stop='1613172836356'>
            <name>should add service in opportunity</name>
            <title>should add service in opportunity</title>
            <labels>
                <label name='language' value='javascript'/>
                <label name='framework' value='wdio'/>
                <label name='thread' value='0-1'/>
            </labels>
            <parameters>
                <parameter kind='argument' name='browser' value='chrome-88.0.4324.150'/>
            </parameters>
            <steps/>
            <attachments/>
            <failure>
                <message>Can't call click on element with selector "//div[contains(text(),'Add Products')]" because element wasn't found</message>
                <stack-trace>Error: Can't call click on element with selector "//div[contains(text(),'Add Products')]" because element wasn't found
                    at Object.implicitWait [as default] (C:\Source\lionstruckqa\webdriverio-test\node_modules\webdriverio\build\utils\implicitWait.js:26:19)
                    at async Element.elementErrorHandlerCallbackFn (C:\Source\lionstruckqa\webdriverio-test\node_modules\webdriverio\build\middlewares.js:13:29)
                    at async Element.runCommandWithHooks (C:\Source\lionstruckqa\webdriverio-test\node_modules\@wdio\sync\build\wrapCommand.js:70:25)
                    at Element.runCommandWithHooks (C:\Source\lionstruckqa\webdriverio-test\node_modules\@wdio\sync\build\wrapCommand.js:65:24)
                    at Element.wrapCommandFn (C:\Source\lionstruckqa\webdriverio-test\node_modules\@wdio\sync\build\wrapCommand.js:44:44)
                    at Element.elementErrorHandlerCallback (C:\Source\lionstruckqa\webdriverio-test\node_modules\webdriverio\build\middlewares.js:34:12)
                    at Context.&lt;anonymous> (C:\Source\lionstruckqa\webdriverio-test\test\specs\TC2-SubscriptionProductsInOpportunity.js:28:16)
                    at Context.executeSync (C:\Source\lionstruckqa\webdriverio-test\node_modules\@wdio\sync\build\index.js:25:22)
                    at C:\Source\lionstruckqa\webdriverio-test\node_modules\@wdio\sync\build\index.js:46:68</stack-trace>
            </failure>
        </test-case>
    </test-cases>
</ns2:test-suite>