<?xml version='1.0'?>
<ns2:test-suite xmlns:ns2='urn:model.allure.qatools.yandex.ru' start='1613156412440' stop='1613156445062'>
    <name>Salesforce E2E</name>
    <title>Salesforce E2E</title>
    <test-cases>
        <test-case start='1613156412441' status='passed' stop='1613156414387'>
            <name>should login</name>
            <title>should login</title>
            <labels>
                <label name='language' value='javascript'/>
                <label name='framework' value='wdio'/>
                <label name='thread' value='0-0'/>
            </labels>
            <parameters>
                <parameter kind='argument' name='browser' value='chrome-88.0.4324.150'/>
            </parameters>
            <steps/>
            <attachments/>
        </test-case>
        <test-case start='1613156414387' status='passed' stop='1613156417396'>
            <name>should create a new opportunity</name>
            <title>should create a new opportunity</title>
            <labels>
                <label name='language' value='javascript'/>
                <label name='framework' value='wdio'/>
                <label name='thread' value='0-0'/>
            </labels>
            <parameters>
                <parameter kind='argument' name='browser' value='chrome-88.0.4324.150'/>
            </parameters>
            <steps/>
            <attachments/>
        </test-case>
        <test-case start='1613156417396' status='broken' stop='1613156432026'>
            <name>should add products to opportunity</name>
            <title>should add products to opportunity</title>
            <labels>
                <label name='language' value='javascript'/>
                <label name='framework' value='wdio'/>
                <label name='thread' value='0-0'/>
            </labels>
            <parameters>
                <parameter kind='argument' name='browser' value='chrome-88.0.4324.150'/>
            </parameters>
            <steps/>
            <attachments/>
            <failure>
                <message>Can't call setValue on element with selector "[title="Search Products"]" because element wasn't found</message>
                <stack-trace>Error: Can't call setValue on element with selector "[title="Search Products"]" because element wasn't found
                    at Object.implicitWait [as default] (C:\Source\lionstruckqa\webdriverio-test\node_modules\webdriverio\build\utils\implicitWait.js:26:19)
                    at async Element.elementErrorHandlerCallbackFn (C:\Source\lionstruckqa\webdriverio-test\node_modules\webdriverio\build\middlewares.js:13:29)
                    at async Element.runCommandWithHooks (C:\Source\lionstruckqa\webdriverio-test\node_modules\@wdio\sync\build\wrapCommand.js:70:25)
                    at Element.runCommandWithHooks (C:\Source\lionstruckqa\webdriverio-test\node_modules\@wdio\sync\build\wrapCommand.js:65:24)
                    at Element.wrapCommandFn (C:\Source\lionstruckqa\webdriverio-test\node_modules\@wdio\sync\build\wrapCommand.js:44:44)
                    at Element.elementErrorHandlerCallback (C:\Source\lionstruckqa\webdriverio-test\node_modules\webdriverio\build\middlewares.js:34:12)
                    at Context.&lt;anonymous> (C:\Source\lionstruckqa\webdriverio-test\test\specs\TC4-ManageQuotes.js:29:16)
                    at Context.executeSync (C:\Source\lionstruckqa\webdriverio-test\node_modules\@wdio\sync\build\index.js:25:22)
                    at C:\Source\lionstruckqa\webdriverio-test\node_modules\@wdio\sync\build\index.js:46:68</stack-trace>
            </failure>
        </test-case>
        <test-case start='1613156432026' status='passed' stop='1613156435031'>
            <name>should update opportunity stage</name>
            <title>should update opportunity stage</title>
            <labels>
                <label name='language' value='javascript'/>
                <label name='framework' value='wdio'/>
                <label name='thread' value='0-0'/>
            </labels>
            <parameters>
                <parameter kind='argument' name='browser' value='chrome-88.0.4324.150'/>
            </parameters>
            <steps/>
            <attachments/>
        </test-case>
        <test-case start='1613156435032' status='broken' stop='1613156445062'>
            <name>should add quote</name>
            <title>should add quote</title>
            <labels>
                <label name='language' value='javascript'/>
                <label name='framework' value='wdio'/>
                <label name='thread' value='0-0'/>
            </labels>
            <parameters>
                <parameter kind='argument' name='browser' value='chrome-88.0.4324.150'/>
            </parameters>
            <steps/>
            <attachments/>
            <failure>
                <message>Can't call click on element with selector "//flexipage-record-home-with-subheader-template-desktop2/div[1]/div[3]/div[2]/slot[1]/slot[1]/flexipage-component2[1]/slot[1]/flexipage-tabset2[1]/div[1]/lightning-tabset[1]/div[1]/slot[1]/slot[1]/slot[1]/flexipage-tab2[1]/slot[1]/flexipage-component2[1]/slot[1]/flexipage-aura-wrapper[1]/div[1]/div[1]/div[1]/div[3]/article[1]/div[1]/div[1]/div[1]/ul[1]/li[1]/div[1]/div[1]/div[1]/div[1]/a[1]" because element wasn't found</message>
                <stack-trace>Error: Can't call click on element with selector "//flexipage-record-home-with-subheader-template-desktop2/div[1]/div[3]/div[2]/slot[1]/slot[1]/flexipage-component2[1]/slot[1]/flexipage-tabset2[1]/div[1]/lightning-tabset[1]/div[1]/slot[1]/slot[1]/slot[1]/flexipage-tab2[1]/slot[1]/flexipage-component2[1]/slot[1]/flexipage-aura-wrapper[1]/div[1]/div[1]/div[1]/div[3]/article[1]/div[1]/div[1]/div[1]/ul[1]/li[1]/div[1]/div[1]/div[1]/div[1]/a[1]" because element wasn't found
                    at Object.implicitWait [as default] (C:\Source\lionstruckqa\webdriverio-test\node_modules\webdriverio\build\utils\implicitWait.js:26:19)
                    at async Element.elementErrorHandlerCallbackFn (C:\Source\lionstruckqa\webdriverio-test\node_modules\webdriverio\build\middlewares.js:13:29)
                    at async Element.runCommandWithHooks (C:\Source\lionstruckqa\webdriverio-test\node_modules\@wdio\sync\build\wrapCommand.js:70:25)
                    at Element.runCommandWithHooks (C:\Source\lionstruckqa\webdriverio-test\node_modules\@wdio\sync\build\wrapCommand.js:65:24)
                    at Element.wrapCommandFn (C:\Source\lionstruckqa\webdriverio-test\node_modules\@wdio\sync\build\wrapCommand.js:44:44)
                    at Element.elementErrorHandlerCallback (C:\Source\lionstruckqa\webdriverio-test\node_modules\webdriverio\build\middlewares.js:34:12)
                    at Context.&lt;anonymous> (C:\Source\lionstruckqa\webdriverio-test\test\specs\TC4-ManageQuotes.js:57:404)
                    at Context.executeSync (C:\Source\lionstruckqa\webdriverio-test\node_modules\@wdio\sync\build\index.js:25:22)
                    at C:\Source\lionstruckqa\webdriverio-test\node_modules\@wdio\sync\build\index.js:46:68</stack-trace>
            </failure>
        </test-case>
    </test-cases>
</ns2:test-suite>